{
  "RSpec": {
    "coverage": {
      "/Users/marek/Developer/activerecord-florder/lib/active_record_florder.rb": [
        1,
        1,
        1,
        1,
        1,
        1,
        null,
        null,
        1,
        1,
        1,
        0,
        null,
        null,
        1,
        1862,
        null,
        null,
        1,
        null,
        null,
        null,
        1,
        1628,
        null,
        null,
        1,
        330,
        null,
        null,
        null,
        null,
        1
      ],
      "/Users/marek/Developer/activerecord-florder/lib/active_record_florder/error.rb": [
        1,
        1,
        null
      ],
      "/Users/marek/Developer/activerecord-florder/lib/active_record_florder/configurable.rb": [
        1,
        1,
        1,
        1,
        47,
        null,
        null,
        1,
        2050,
        null,
        null,
        1,
        2042,
        null,
        null,
        1,
        1866,
        null,
        null,
        1,
        352,
        null,
        null,
        null,
        1,
        0,
        null,
        null,
        1,
        1909,
        null,
        null,
        1,
        1021,
        null,
        null,
        1,
        1857,
        null,
        null,
        1,
        265,
        null,
        null,
        null
      ],
      "/Users/marek/Developer/activerecord-florder/lib/active_record_florder/base.rb": [
        1,
        null,
        1,
        null,
        1,
        1,
        null,
        1,
        3,
        3,
        null,
        246,
        null,
        null,
        3,
        934,
        87,
        null,
        null,
        3,
        47,
        47,
        null,
        null,
        3,
        8,
        86,
        null,
        null,
        null,
        null,
        1,
        417,
        null,
        417,
        415,
        411,
        null,
        411,
        null,
        411,
        243,
        null,
        168,
        null,
        null,
        411,
        null,
        null,
        1,
        null,
        1,
        50,
        null,
        50,
        32,
        null,
        18,
        null,
        null,
        null,
        1,
        null,
        1,
        32,
        32,
        32,
        null,
        32,
        4,
        null,
        null,
        32,
        0,
        null,
        null,
        32,
        32,
        null,
        null,
        32,
        0,
        null,
        null,
        32,
        null,
        null,
        1,
        4,
        null,
        null,
        1,
        639,
        89,
        null,
        null,
        176,
        null,
        176,
        null,
        176,
        null,
        null,
        1,
        176,
        null,
        176,
        null,
        156,
        null,
        20,
        null,
        null,
        null,
        null,
        1,
        411,
        411,
        null,
        411,
        null,
        null,
        null,
        null,
        411,
        null,
        null,
        1,
        41,
        46,
        46,
        46,
        null,
        null,
        null,
        1,
        46,
        null,
        null,
        1,
        226,
        null,
        null,
        null,
        null,
        226,
        null,
        null,
        1,
        226,
        null,
        null,
        9,
        null,
        null,
        null,
        41,
        null,
        null,
        156,
        null,
        null,
        20,
        null,
        null,
        0,
        0,
        null,
        null,
        null,
        null,
        1,
        858,
        null,
        858,
        781,
        null,
        77,
        null,
        null,
        null,
        null,
        null,
        1,
        934,
        87,
        null,
        null,
        null
      ],
      "/Users/marek/Developer/activerecord-florder/lib/active_record_florder/models.rb": [
        1,
        1,
        1,
        3,
        3,
        3,
        null,
        3,
        4,
        null,
        null,
        3,
        null,
        null,
        null
      ],
      "/Users/marek/Developer/activerecord-florder/lib/active_record_florder/version.rb": [
        1,
        1,
        null
      ]
    },
    "timestamp": 1452102822
  }
}
